2020-10-11 17:32:23,020 INFO o.a.j.u.JMeterUtils: Setting Locale to en_EN
2020-10-11 17:32:23,055 INFO o.a.j.JMeter: Loading user properties from: /data/data/Project/qa_load_lerning/apache-jmeter-5.3/bin/user.properties
2020-10-11 17:32:23,056 INFO o.a.j.JMeter: Loading system properties from: /data/data/Project/qa_load_lerning/apache-jmeter-5.3/bin/system.properties
2020-10-11 17:32:23,058 INFO o.a.j.JMeter: Copyright (c) 1998-2020 The Apache Software Foundation
2020-10-11 17:32:23,058 INFO o.a.j.JMeter: Version 5.3
2020-10-11 17:32:23,058 INFO o.a.j.JMeter: java.version=1.8.0_181
2020-10-11 17:32:23,058 INFO o.a.j.JMeter: java.vm.name=Java HotSpot(TM) 64-Bit Server VM
2020-10-11 17:32:23,058 INFO o.a.j.JMeter: os.name=Linux
2020-10-11 17:32:23,058 INFO o.a.j.JMeter: os.arch=amd64
2020-10-11 17:32:23,058 INFO o.a.j.JMeter: os.version=4.15.0-112-generic
2020-10-11 17:32:23,059 INFO o.a.j.JMeter: file.encoding=UTF-8
2020-10-11 17:32:23,059 INFO o.a.j.JMeter: java.awt.headless=null
2020-10-11 17:32:23,059 INFO o.a.j.JMeter: Max memory     =1073741824
2020-10-11 17:32:23,059 INFO o.a.j.JMeter: Available Processors =4
2020-10-11 17:32:23,066 INFO o.a.j.JMeter: Default Locale=English (EN)
2020-10-11 17:32:23,066 INFO o.a.j.JMeter: JMeter  Locale=English (EN)
2020-10-11 17:32:23,066 INFO o.a.j.JMeter: JMeterHome=/data/data/Project/qa_load_lerning/apache-jmeter-5.3
2020-10-11 17:32:23,066 INFO o.a.j.JMeter: user.dir  =/data/data/Project/qa_load_lerning/demo_jmeter
2020-10-11 17:32:23,067 INFO o.a.j.JMeter: PWD       =/data/data/Project/qa_load_lerning/demo_jmeter
2020-10-11 17:32:23,068 INFO o.a.j.JMeter: IP: 192.168.1.68 Name: macbook-pro FullName: macbook-pro
2020-10-11 17:32:24,256 INFO o.a.j.JMeter: Setting LAF to: laf:javax.swing.plaf.metal.MetalLookAndFeel
2020-10-11 17:32:24,661 INFO o.a.j.JMeter: Loaded icon properties from org/apache/jmeter/images/icon.properties
2020-10-11 17:32:39,498 INFO o.j.r.JARSourceHTTP: Found cached repo
2020-10-11 17:32:40,119 INFO o.j.r.PluginManager: Plugins Status: [blazemeter-debugger=0.6, jpgc-plugins-manager=1.4, jmeter-core=5.3, jmeter-ftp=5.3, jmeter-http=5.3, jmeter-jdbc=5.3, jmeter-jms=5.3, jmeter-junit=5.3, jmeter-java=5.3, jmeter-ldap=5.3, jmeter-mail=5.3, jmeter-mongodb=5.3, jmeter-native=5.3, jmeter-tcp=5.3, jmeter-components=5.3]
2020-10-11 17:35:00,233 INFO o.a.j.s.FileServer: Default base='/data/data/Project/qa_load_lerning/demo_jmeter'
2020-10-11 17:35:00,238 INFO o.a.j.g.a.Load: Loading file: /data/data/Project/qa_load_lerning/demo_jmeter/02.listener.jmx
2020-10-11 17:35:00,239 INFO o.a.j.s.FileServer: Set new base='/data/data/Project/qa_load_lerning/demo_jmeter'
2020-10-11 17:35:00,513 INFO o.a.j.s.SaveService: Testplan (JMX) version: 2.2. Testlog (JTL) version: 2.2
2020-10-11 17:35:00,524 INFO o.a.j.s.SaveService: Using SaveService properties file encoding UTF-8
2020-10-11 17:35:00,526 INFO o.a.j.s.SaveService: Using SaveService properties version 5.0
2020-10-11 17:35:00,530 INFO o.a.j.s.SaveService: Loading file: /data/data/Project/qa_load_lerning/demo_jmeter/02.listener.jmx
2020-10-11 17:35:00,784 INFO o.a.j.p.h.s.HTTPSamplerBase: Parser for text/html is org.apache.jmeter.protocol.http.parser.LagartoBasedHtmlParser
2020-10-11 17:35:00,785 INFO o.a.j.p.h.s.HTTPSamplerBase: Parser for application/xhtml+xml is org.apache.jmeter.protocol.http.parser.LagartoBasedHtmlParser
2020-10-11 17:35:00,785 INFO o.a.j.p.h.s.HTTPSamplerBase: Parser for application/xml is org.apache.jmeter.protocol.http.parser.LagartoBasedHtmlParser
2020-10-11 17:35:00,785 INFO o.a.j.p.h.s.HTTPSamplerBase: Parser for text/xml is org.apache.jmeter.protocol.http.parser.LagartoBasedHtmlParser
2020-10-11 17:35:00,785 INFO o.a.j.p.h.s.HTTPSamplerBase: Parser for text/vnd.wap.wml is org.apache.jmeter.protocol.http.parser.RegexpHTMLParser
2020-10-11 17:35:00,785 INFO o.a.j.p.h.s.HTTPSamplerBase: Parser for text/css is org.apache.jmeter.protocol.http.parser.CssParser
2020-10-11 17:35:01,053 INFO o.a.j.s.SampleResult: Note: Sample TimeStamps are START times
2020-10-11 17:35:01,054 INFO o.a.j.s.SampleResult: sampleresult.default.encoding is set to ISO-8859-1
2020-10-11 17:35:01,054 INFO o.a.j.s.SampleResult: sampleresult.useNanoTime=true
2020-10-11 17:35:01,054 INFO o.a.j.s.SampleResult: sampleresult.nanoThreadSleep=5000
2020-10-11 17:35:02,703 INFO o.a.j.s.FileServer: Set new base='/data/data/Project/qa_load_lerning/demo_jmeter'
2020-10-11 17:37:33,876 INFO o.a.j.e.StandardJMeterEngine: Running the test!
2020-10-11 17:37:33,887 INFO o.a.j.s.SampleEvent: List of sample_variables: []
2020-10-11 17:37:33,887 INFO o.a.j.s.SampleEvent: List of sample_variables: []
2020-10-11 17:37:33,889 INFO o.a.j.e.u.CompoundVariable: Note: Function class names must contain the string: '.functions.'
2020-10-11 17:37:33,889 INFO o.a.j.e.u.CompoundVariable: Note: Function class names must not contain the string: '.gui.'
2020-10-11 17:37:34,410 INFO o.a.j.g.u.JMeterMenuBar: setRunning(true, *local*)
2020-10-11 17:37:34,677 INFO o.a.j.e.StandardJMeterEngine: Starting ThreadGroup: 1 : Thread Group (разработчик)
2020-10-11 17:37:34,677 INFO o.a.j.e.StandardJMeterEngine: Starting 10 threads for group Thread Group (разработчик).
2020-10-11 17:37:34,677 INFO o.a.j.e.StandardJMeterEngine: Thread will continue on error
2020-10-11 17:37:34,677 INFO o.a.j.t.ThreadGroup: Starting thread group... number=1 threads=10 ramp-up=1 delayedStart=false
2020-10-11 17:37:34,696 INFO o.a.j.t.JMeterThread: Thread started: Thread Group (разработчик) 1-1
2020-10-11 17:37:34,713 INFO o.a.j.p.h.s.HTTPHCAbstractImpl: Local host = macbook-pro
2020-10-11 17:37:34,722 INFO o.a.j.p.h.s.HTTPHC4Impl: HTTP request retry count = 0
2020-10-11 17:37:34,815 INFO o.a.j.t.ThreadGroup: Started thread group number 1
2020-10-11 17:37:34,816 INFO o.a.j.e.StandardJMeterEngine: Starting ThreadGroup: 2 : Thread Group (пользователь)
2020-10-11 17:37:34,816 INFO o.a.j.e.StandardJMeterEngine: Starting 10 threads for group Thread Group (пользователь).
2020-10-11 17:37:34,816 INFO o.a.j.e.StandardJMeterEngine: Thread will continue on error
2020-10-11 17:37:34,816 INFO o.a.j.t.ThreadGroup: Starting thread group... number=2 threads=10 ramp-up=1 delayedStart=false
2020-10-11 17:37:34,825 INFO o.a.j.t.JMeterThread: Thread started: Thread Group (пользователь) 2-1
2020-10-11 17:37:34,845 INFO o.a.j.t.JMeterThread: Thread started: Thread Group (разработчик) 1-2
2020-10-11 17:37:34,893 INFO o.a.j.t.ThreadGroup: Started thread group number 2
2020-10-11 17:37:34,893 INFO o.a.j.e.StandardJMeterEngine: All thread groups have been started
2020-10-11 17:37:34,921 INFO o.a.j.t.JMeterThread: Thread started: Thread Group (пользователь) 2-2
2020-10-11 17:37:34,940 INFO o.a.j.t.JMeterThread: Thread started: Thread Group (разработчик) 1-3
2020-10-11 17:37:35,030 INFO o.a.j.t.JMeterThread: Thread started: Thread Group (разработчик) 1-4
2020-10-11 17:37:35,033 INFO o.a.j.t.JMeterThread: Thread started: Thread Group (пользователь) 2-3
2020-10-11 17:37:35,107 INFO o.a.j.t.JMeterThread: Thread started: Thread Group (разработчик) 1-5
2020-10-11 17:37:35,132 INFO o.a.j.t.JMeterThread: Thread started: Thread Group (пользователь) 2-4
2020-10-11 17:37:35,213 INFO o.a.j.t.JMeterThread: Thread started: Thread Group (разработчик) 1-6
2020-10-11 17:37:35,229 INFO o.a.j.t.JMeterThread: Thread started: Thread Group (пользователь) 2-5
2020-10-11 17:37:35,304 INFO o.a.j.t.JMeterThread: Thread started: Thread Group (разработчик) 1-7
2020-10-11 17:37:35,322 INFO o.a.j.t.JMeterThread: Thread started: Thread Group (пользователь) 2-6
2020-10-11 17:37:35,400 INFO o.a.j.t.JMeterThread: Thread started: Thread Group (разработчик) 1-8
2020-10-11 17:37:35,425 INFO o.a.j.t.JMeterThread: Thread started: Thread Group (пользователь) 2-7
2020-10-11 17:37:35,486 INFO o.a.j.t.JMeterThread: Thread started: Thread Group (разработчик) 1-9
2020-10-11 17:37:35,528 INFO o.a.j.t.JMeterThread: Thread started: Thread Group (пользователь) 2-8
2020-10-11 17:37:35,608 INFO o.a.j.t.JMeterThread: Thread started: Thread Group (разработчик) 1-10
2020-10-11 17:37:35,644 INFO o.a.j.t.JMeterThread: Thread started: Thread Group (пользователь) 2-9
2020-10-11 17:37:35,736 INFO o.a.j.t.JMeterThread: Thread started: Thread Group (пользователь) 2-10
2020-10-11 17:38:02,834 INFO o.a.j.t.JMeterThread: Thread is done: Thread Group (разработчик) 1-3
2020-10-11 17:38:02,834 INFO o.a.j.t.JMeterThread: Thread finished: Thread Group (разработчик) 1-3
2020-10-11 17:38:02,933 INFO o.a.j.t.JMeterThread: Thread is done: Thread Group (разработчик) 1-1
2020-10-11 17:38:02,933 INFO o.a.j.t.JMeterThread: Thread finished: Thread Group (разработчик) 1-1
2020-10-11 17:38:02,935 INFO o.a.j.t.JMeterThread: Thread is done: Thread Group (разработчик) 1-8
2020-10-11 17:38:02,935 INFO o.a.j.t.JMeterThread: Thread finished: Thread Group (разработчик) 1-8
2020-10-11 17:38:02,942 INFO o.a.j.t.JMeterThread: Thread is done: Thread Group (разработчик) 1-10
2020-10-11 17:38:02,942 INFO o.a.j.t.JMeterThread: Thread finished: Thread Group (разработчик) 1-10
2020-10-11 17:38:02,959 INFO o.a.j.t.JMeterThread: Thread is done: Thread Group (разработчик) 1-6
2020-10-11 17:38:02,959 INFO o.a.j.t.JMeterThread: Thread finished: Thread Group (разработчик) 1-6
2020-10-11 17:38:03,003 INFO o.a.j.t.JMeterThread: Thread is done: Thread Group (разработчик) 1-2
2020-10-11 17:38:03,003 INFO o.a.j.t.JMeterThread: Thread finished: Thread Group (разработчик) 1-2
2020-10-11 17:38:03,025 INFO o.a.j.t.JMeterThread: Thread is done: Thread Group (разработчик) 1-4
2020-10-11 17:38:03,025 INFO o.a.j.t.JMeterThread: Thread finished: Thread Group (разработчик) 1-4
2020-10-11 17:38:03,046 INFO o.a.j.t.JMeterThread: Thread is done: Thread Group (разработчик) 1-7
2020-10-11 17:38:03,046 INFO o.a.j.t.JMeterThread: Thread finished: Thread Group (разработчик) 1-7
2020-10-11 17:38:03,047 INFO o.a.j.t.JMeterThread: Thread is done: Thread Group (разработчик) 1-9
2020-10-11 17:38:03,047 INFO o.a.j.t.JMeterThread: Thread finished: Thread Group (разработчик) 1-9
2020-10-11 17:38:03,092 INFO o.a.j.t.JMeterThread: Thread is done: Thread Group (разработчик) 1-5
2020-10-11 17:38:03,100 INFO o.a.j.t.JMeterThread: Thread finished: Thread Group (разработчик) 1-5
2020-10-11 17:38:37,982 INFO o.a.j.t.JMeterThread: Thread is done: Thread Group (пользователь) 2-2
2020-10-11 17:38:37,982 INFO o.a.j.t.JMeterThread: Thread finished: Thread Group (пользователь) 2-2
2020-10-11 17:38:38,221 INFO o.a.j.t.JMeterThread: Thread is done: Thread Group (пользователь) 2-3
2020-10-11 17:38:38,221 INFO o.a.j.t.JMeterThread: Thread finished: Thread Group (пользователь) 2-3
2020-10-11 17:38:38,267 INFO o.a.j.t.JMeterThread: Thread is done: Thread Group (пользователь) 2-1
2020-10-11 17:38:38,267 INFO o.a.j.t.JMeterThread: Thread finished: Thread Group (пользователь) 2-1
2020-10-11 17:38:38,280 INFO o.a.j.t.JMeterThread: Thread is done: Thread Group (пользователь) 2-6
2020-10-11 17:38:38,280 INFO o.a.j.t.JMeterThread: Thread finished: Thread Group (пользователь) 2-6
2020-10-11 17:38:38,353 INFO o.a.j.t.JMeterThread: Thread is done: Thread Group (пользователь) 2-10
2020-10-11 17:38:38,353 INFO o.a.j.t.JMeterThread: Thread finished: Thread Group (пользователь) 2-10
2020-10-11 17:38:38,413 INFO o.a.j.t.JMeterThread: Thread is done: Thread Group (пользователь) 2-5
2020-10-11 17:38:38,413 INFO o.a.j.t.JMeterThread: Thread finished: Thread Group (пользователь) 2-5
2020-10-11 17:38:38,451 INFO o.a.j.t.JMeterThread: Thread is done: Thread Group (пользователь) 2-8
2020-10-11 17:38:38,451 INFO o.a.j.t.JMeterThread: Thread finished: Thread Group (пользователь) 2-8
2020-10-11 17:38:38,483 INFO o.a.j.t.JMeterThread: Thread is done: Thread Group (пользователь) 2-4
2020-10-11 17:38:38,483 INFO o.a.j.t.JMeterThread: Thread finished: Thread Group (пользователь) 2-4
2020-10-11 17:38:38,561 INFO o.a.j.t.JMeterThread: Thread is done: Thread Group (пользователь) 2-7
2020-10-11 17:38:38,561 INFO o.a.j.t.JMeterThread: Thread finished: Thread Group (пользователь) 2-7
2020-10-11 17:38:38,603 INFO o.a.j.t.JMeterThread: Thread is done: Thread Group (пользователь) 2-9
2020-10-11 17:38:38,603 INFO o.a.j.t.JMeterThread: Thread finished: Thread Group (пользователь) 2-9
2020-10-11 17:38:38,604 INFO o.a.j.e.StandardJMeterEngine: Notifying test listeners of end of test
2020-10-11 17:38:38,604 INFO o.a.j.g.u.JMeterMenuBar: setRunning(false, *local*)
2020-10-11 17:40:32,830 INFO o.a.j.g.a.Load: Loading file: /data/data/Project/qa_load_lerning/demo_jmeter/03.config.jmx
2020-10-11 17:40:32,830 INFO o.a.j.s.FileServer: Set new base='/data/data/Project/qa_load_lerning/demo_jmeter'
2020-10-11 17:40:32,831 INFO o.a.j.s.SaveService: Loading file: /data/data/Project/qa_load_lerning/demo_jmeter/03.config.jmx
2020-10-11 17:40:32,877 INFO o.a.j.p.h.c.CookieManager: Settings: Delete null: true Check: true Allow variable: true Save: false Prefix: COOKIE_
2020-10-11 17:40:32,880 INFO o.a.j.p.h.c.CacheManager: Will only cache the following methods: [GET]
2020-10-11 17:40:33,360 INFO o.a.j.s.FileServer: Set new base='/data/data/Project/qa_load_lerning/demo_jmeter'
